Connecting to MySQL database...
Connected to MySQL database
connection pool properties are as follow;
Connection Pool Name -  khepri_pool
Connection Pool Size -  5
creating view for  AAPL
 view is empty
creating view for  ABBV
 view is empty
creating view for  ABT
 view is empty
creating view for  ACN
 view is empty
creating view for  ADBE
 view is empty
creating view for  AGN
 view is empty

1 Failed download:
- AGN: No timezone found, symbol may be delisted
creating view for  AIG
 view is empty
creating view for  ALL
 view is empty
creating view for  AMGN
 view is empty
creating view for  AMZN
 view is empty
creating view for  AXP
 view is empty
creating view for  BA
 view is empty
creating view for  BAC
 view is empty
creating view for  BIIB
 view is empty
creating view for  BK
 view is empty
creating view for  BKNG
 view is empty
creating view for  BLK
 view is empty
creating view for  BMY
 view is empty
creating view for  BRK.B
 view is empty

1 Failed download:
- BRK.B: No timezone found, symbol may be delisted
creating view for  C
 view is empty
creating view for  CAT
 view is empty
creating view for  CHTR
 view is empty
creating view for  CL
 view is empty
creating view for  CMCSA
 view is empty
creating view for  COF
 view is empty
creating view for  COP
 view is empty
creating view for  COST
 view is empty
creating view for  CSCO
 view is empty
creating view for  CVS
 view is empty
creating view for  CVX
 view is empty
creating view for  DD
 view is empty
creating view for  DHR
 view is empty
creating view for  DIS
 view is empty
creating view for  DOW
 view is empty
creating view for  DUK
 view is empty
creating view for  EMR
 view is empty
creating view for  EXC
 view is empty
creating view for  F
 view is empty
creating view for  FB
 view is empty

1 Failed download:
- FB: No timezone found, symbol may be delisted
creating view for  FDX
 view is empty
creating view for  GD
 view is empty
creating view for  GE
 view is empty
creating view for  GILD
 view is empty
creating view for  GM
 view is empty
creating view for  GOOG
 view is empty
creating view for  GOOGL
 view is empty
creating view for  GS
 view is empty
creating view for  HD
 view is empty
creating view for  HON
 view is empty
creating view for  IBM
 view is empty
creating view for  INTC
 view is empty
creating view for  JNJ
 view is empty
creating view for  JPM
 view is empty
creating view for  KHC
 view is empty
creating view for  KMI
 view is empty
creating view for  KO
 view is empty
creating view for  LLY
 view is empty
creating view for  LMT
 view is empty
creating view for  LOW
 view is empty
creating view for  MA
 view is empty
creating view for  MCD
 view is empty
creating view for  MDLZ
 view is empty
creating view for  MDT
 view is empty
creating view for  MET
 view is empty
creating view for  MMM
 view is empty
creating view for  MO
 view is empty
creating view for  MRK
 view is empty
creating view for  MS
 view is empty
creating view for  MSFT
 view is empty
creating view for  NEE
 view is empty
creating view for  NFLX
 view is empty
creating view for  NKE
 view is empty
creating view for  NVDA
 view is empty
creating view for  ORCL
 view is empty
creating view for  OXY
 view is empty
creating view for  PEP
 view is empty
creating view for  PFE
 view is empty
creating view for  PG
 view is empty
creating view for  PM
 view is empty
creating view for  PYPL
 view is empty
creating view for  QCOM
 view is empty
creating view for  RTN
 view is empty

1 Failed download:
- RTN: No timezone found, symbol may be delisted
creating view for  SBUX
 view is empty
creating view for  SLB
 view is empty
creating view for  SO
 view is empty
creating view for  SPG
 view is empty
creating view for  T
 view is empty
creating view for  TGT
 view is empty
creating view for  TMO
 view is empty
creating view for  TXN
 view is empty
creating view for  TSLA
 view is empty
creating view for  UNH
 view is empty
creating view for  UNP
 view is empty
creating view for  UPS
 view is empty
creating view for  USB
 view is empty
creating view for  UTX
 view is empty

1 Failed download:
- UTX: No timezone found, symbol may be delisted
creating view for  V
 view is empty
creating view for  VZ
 view is empty
creating view for  WBA
 view is empty
creating view for  WFC
 view is empty
creating view for  WMT
 view is empty
creating view for  XOM
 view is empty
